Flow report for lab4
Tue Mar 07 11:41:40 2017
Quartus II 64-Bit Version 15.0.2 Build 153 07/15/2015 SJ Full Version


---------------------
; Table of Contents ;
---------------------
  1. Legal Notice
  2. Flow Summary
  3. Flow Settings
  4. Flow Non-Default Global Settings
  5. Flow Elapsed Time
  6. Flow OS Summary
  7. Flow Log
  8. Flow Messages
  9. Flow Suppressed Messages



----------------
; Legal Notice ;
----------------
Copyright (C) 1991-2015 Altera Corporation. All rights reserved.
Your use of Altera Corporation's design tools, logic functions 
and other software and tools, and its AMPP partner logic 
functions, and any output files from any of the foregoing 
(including device programming or simulation files), and any 
associated documentation or information are expressly subject 
to the terms and conditions of the Altera Program License 
Subscription Agreement, the Altera Quartus II License Agreement,
the Altera MegaCore Function License Agreement, or other 
applicable license agreement, including, without limitation, 
that your use is for the sole purpose of programming logic 
devices manufactured by Altera and sold by Altera or its 
authorized distributors.  Please refer to the applicable 
agreement for further details.



+----------------------------------------------------------------------------------+
; Flow Summary                                                                     ;
+------------------------------------+---------------------------------------------+
; Flow Status                        ; Successful - Tue Mar 07 11:41:40 2017       ;
; Quartus II 64-Bit Version          ; 15.0.2 Build 153 07/15/2015 SJ Full Version ;
; Revision Name                      ; lab4                                        ;
; Top-level Entity Name              ; sound                                       ;
; Family                             ; Cyclone IV E                                ;
; Device                             ; EP4CE115F29C7                               ;
; Timing Models                      ; Final                                       ;
; Total logic elements               ; 927 / 114,480 ( < 1 % )                     ;
;     Total combinational functions  ; 919 / 114,480 ( < 1 % )                     ;
;     Dedicated logic registers      ; 423 / 114,480 ( < 1 % )                     ;
; Total registers                    ; 443                                         ;
; Total pins                         ; 58 / 529 ( 11 % )                           ;
; Total virtual pins                 ; 0                                           ;
; Total memory bits                  ; 6,144 / 3,981,312 ( < 1 % )                 ;
; Embedded Multiplier 9-bit elements ; 0 / 532 ( 0 % )                             ;
; Total PLLs                         ; 1 / 4 ( 25 % )                              ;
+------------------------------------+---------------------------------------------+


+-----------------------------------------+
; Flow Settings                           ;
+-------------------+---------------------+
; Option            ; Setting             ;
+-------------------+---------------------+
; Start date & time ; 03/07/2017 11:40:55 ;
; Main task         ; Compilation         ;
; Revision Name     ; lab4                ;
+-------------------+---------------------+


+----------------------------------------------------------------------------------------------------------------------------+
; Flow Non-Default Global Settings                                                                                           ;
+-------------------------------------+---------------------------------------+---------------+-------------+----------------+
; Assignment Name                     ; Value                                 ; Default Value ; Entity Name ; Section Id     ;
+-------------------------------------+---------------------------------------+---------------+-------------+----------------+
; COMPILER_SIGNATURE_ID               ; 159090362048450.148891565401816       ; --            ; --          ; --             ;
; EDA_OUTPUT_DATA_FORMAT              ; Vhdl                                  ; --            ; --          ; eda_simulation ;
; EDA_SIMULATION_TOOL                 ; ModelSim-Altera (VHDL)                ; <None>        ; --          ; --             ;
; MAX_CORE_JUNCTION_TEMP              ; 85                                    ; --            ; --          ; --             ;
; MIN_CORE_JUNCTION_TEMP              ; 0                                     ; --            ; --          ; --             ;
; NOMINAL_CORE_SUPPLY_VOLTAGE         ; 1.2V                                  ; --            ; --          ; --             ;
; PARTITION_COLOR                     ; 16764057                              ; --            ; sound       ; Top            ;
; PARTITION_FITTER_PRESERVATION_LEVEL ; PLACEMENT_AND_ROUTING                 ; --            ; sound       ; Top            ;
; PARTITION_NETLIST_TYPE              ; SOURCE                                ; --            ; sound       ; Top            ;
; POWER_BOARD_THERMAL_MODEL           ; None (CONSERVATIVE)                   ; --            ; --          ; --             ;
; POWER_PRESET_COOLING_SOLUTION       ; 23 MM HEAT SINK WITH 200 LFPM AIRFLOW ; --            ; --          ; --             ;
; PROJECT_OUTPUT_DIRECTORY            ; output_files                          ; --            ; --          ; --             ;
; TOP_LEVEL_ENTITY                    ; sound                                 ; lab4          ; --          ; --             ;
+-------------------------------------+---------------------------------------+---------------+-------------+----------------+


+-------------------------------------------------------------------------------------------------------------------------------+
; Flow Elapsed Time                                                                                                             ;
+---------------------------+--------------+-------------------------+---------------------+------------------------------------+
; Module Name               ; Elapsed Time ; Average Processors Used ; Peak Virtual Memory ; Total CPU Time (on all processors) ;
+---------------------------+--------------+-------------------------+---------------------+------------------------------------+
; Analysis & Synthesis      ; 00:00:16     ; 1.0                     ; 733 MB              ; 00:00:25                           ;
; Fitter                    ; 00:00:13     ; 1.8                     ; 1621 MB             ; 00:00:18                           ;
; Assembler                 ; 00:00:04     ; 1.0                     ; 616 MB              ; 00:00:04                           ;
; TimeQuest Timing Analyzer ; 00:00:02     ; 1.0                     ; 800 MB              ; 00:00:03                           ;
; EDA Netlist Writer        ; 00:00:02     ; 1.0                     ; 596 MB              ; 00:00:02                           ;
; Total                     ; 00:00:37     ; --                      ; --                  ; 00:00:52                           ;
+---------------------------+--------------+-------------------------+---------------------+------------------------------------+


+----------------------------------------------------------------------------------------+
; Flow OS Summary                                                                        ;
+---------------------------+------------------+-----------+------------+----------------+
; Module Name               ; Machine Hostname ; OS Name   ; OS Version ; Processor type ;
+---------------------------+------------------+-----------+------------+----------------+
; Analysis & Synthesis      ; lab212           ; Windows 7 ; 6.1        ; x86_64         ;
; Fitter                    ; lab212           ; Windows 7 ; 6.1        ; x86_64         ;
; Assembler                 ; lab212           ; Windows 7 ; 6.1        ; x86_64         ;
; TimeQuest Timing Analyzer ; lab212           ; Windows 7 ; 6.1        ; x86_64         ;
; EDA Netlist Writer        ; lab212           ; Windows 7 ; 6.1        ; x86_64         ;
+---------------------------+------------------+-----------+------------+----------------+


------------
; Flow Log ;
------------
quartus_map --read_settings_files=on --write_settings_files=off lab4 -c lab4
quartus_fit --read_settings_files=off --write_settings_files=off lab4 -c lab4
quartus_asm --read_settings_files=off --write_settings_files=off lab4 -c lab4
quartus_sta lab4 -c lab4
quartus_eda --read_settings_files=off --write_settings_files=off lab4 -c lab4



